{
  "stats": {
    "suites": 1,
    "tests": 6,
    "passes": 6,
    "pending": 0,
    "failures": 0,
    "start": "2025-08-30T06:37:52.720Z",
    "end": "2025-08-30T06:38:05.083Z",
    "duration": 12363,
    "testsRegistered": 6,
    "passPercent": 100,
    "pendingPercent": 0,
    "other": 0,
    "hasOther": false,
    "skipped": 0,
    "hasSkipped": false
  },
  "results": [
    {
      "uuid": "36151e20-5833-4981-96ba-d9042807b2da",
      "title": "",
      "fullFile": "cypress/e2e/spec.cy.js",
      "file": "cypress/e2e/spec.cy.js",
      "beforeHooks": [],
      "afterHooks": [],
      "tests": [],
      "suites": [
        {
          "uuid": "13c41a99-b317-438d-9a56-154fea88a623",
          "title": "Hospital",
          "fullFile": "",
          "file": "",
          "beforeHooks": [],
          "afterHooks": [],
          "tests": [
            {
              "title": "should display state and city dropdowns",
              "fullTitle": "Hospital should display state and city dropdowns",
              "timedOut": null,
              "duration": 775,
              "state": "passed",
              "speed": "fast",
              "pass": true,
              "fail": false,
              "pending": false,
              "context": null,
              "code": "cy.get('div#state').should('be.visible'); // Verify the State dropdown is present\ncy.get('div#city').should('be.visible'); // Verify the City dropdown is present",
              "err": {},
              "uuid": "3a6f9de9-9d3b-4fa6-ab52-6ee720b84f17",
              "parentUUID": "13c41a99-b317-438d-9a56-154fea88a623",
              "isHook": false,
              "skipped": false
            },
            {
              "title": "should fetch hospitals when both state and city are selected",
              "fullTitle": "Hospital should fetch hospitals when both state and city are selected",
              "timedOut": null,
              "duration": 3645,
              "state": "passed",
              "speed": "fast",
              "pass": true,
              "fail": false,
              "pending": false,
              "context": null,
              "code": "cy.intercept('GET', 'https://meddata-backend.onrender.com/data?state=Alabama&city=DOTHAN', {\n  fixture: 'hospitals.json'\n}).as('getHospitals');\ncy.get('div#state').click(); // Open state dropdown\ncy.contains('li', 'Alabama', {\n  timeout: 15000\n}).click(); // Wait for state options to load and select Alabama\ncy.get('div#city').click(); // Open city dropdown\ncy.contains('li', 'DOTHAN', {\n  timeout: 15000\n}).click(); // Wait for city options to load and select DOTHAN\ncy.get('#searchBtn').should('contain.text', 'Search').click(); // Click the search button\ncy.wait('@getHospitals');\ncy.get('h1').should('contain.text', '2 medical centers available in dothan');",
              "err": {},
              "uuid": "81d21325-a4e2-43c1-91fb-9b2a52b3f379",
              "parentUUID": "13c41a99-b317-438d-9a56-154fea88a623",
              "isHook": false,
              "skipped": false
            },
            {
              "title": "should open appointment booking section when a medical center is clicked",
              "fullTitle": "Hospital should open appointment booking section when a medical center is clicked",
              "timedOut": null,
              "duration": 3365,
              "state": "passed",
              "speed": "fast",
              "pass": true,
              "fail": false,
              "pending": false,
              "context": null,
              "code": "cy.intercept('GET', 'https://meddata-backend.onrender.com/data?state=Alabama&city=DOTHAN', {\n  fixture: 'hospitals.json' // Use a mock JSON response file\n}).as('getHospitals');\ncy.get('div#state') // Replace with the selector for the state dropdown\n.click();\ncy.contains('li', 'Alabama', {\n  timeout: 15000\n}) // Replace with a valid state option\n.click();\ncy.get('div#city').click();\ncy.contains('li', 'DOTHAN', {\n  timeout: 15000\n}) // Replace with a valid city option\n.click();\ncy.get('#searchBtn').should('contain.text', 'Search').click(); // Click the search button\ncy.wait('@getHospitals');\ncy.get('button').contains('Book FREE Center Visit').should('be.visible');",
              "err": {},
              "uuid": "f2743879-4529-4220-a570-8f71c3fd6fa1",
              "parentUUID": "13c41a99-b317-438d-9a56-154fea88a623",
              "isHook": false,
              "skipped": false
            },
            {
              "title": "should allow user to select date and time and book appointment",
              "fullTitle": "Hospital should allow user to select date and time and book appointment",
              "timedOut": null,
              "duration": 3246,
              "state": "passed",
              "speed": "fast",
              "pass": true,
              "fail": false,
              "pending": false,
              "context": null,
              "code": "cy.intercept('GET', 'https://meddata-backend.onrender.com/data?state=Alabama&city=DOTHAN', {\n  fixture: 'hospitals.json' // Use a mock JSON response file\n}).as('getHospitals');\ncy.get('div#state') // Replace with the selector for the state dropdown\n.click();\ncy.contains('li', 'Alabama') // Replace with a valid state option\n.click();\ncy.get('div#city').click();\ncy.contains('li', 'DOTHAN') // Replace with a valid city option\n.click();\ncy.get('#searchBtn').should('contain.text', 'Search').click(); // Click the search button\ncy.wait('@getHospitals');\ncy.get('button').contains('Book FREE Center Visit').click();\ncy.get('p').contains('Today');\ncy.get('p').contains('Morning');\ncy.get('p').contains('Afternoon');\ncy.get('p').contains('Evening');",
              "err": {},
              "uuid": "2d10593e-6a68-46af-be0d-c12522b6a0c0",
              "parentUUID": "13c41a99-b317-438d-9a56-154fea88a623",
              "isHook": false,
              "skipped": false
            },
            {
              "title": "should display all booked slots on the My Bookings page",
              "fullTitle": "Hospital should display all booked slots on the My Bookings page",
              "timedOut": null,
              "duration": 208,
              "state": "passed",
              "speed": "fast",
              "pass": true,
              "fail": false,
              "pending": false,
              "context": null,
              "code": "// Navigate to the \"My Bookings\" page\ncy.visit('http://localhost:3000/my-bookings'); // Replace with the actual URL for the My Bookings page\ncy.get('h1').contains('My Bookings');",
              "err": {},
              "uuid": "dfa9e580-4f6e-4afa-b612-c1de45b1cff5",
              "parentUUID": "13c41a99-b317-438d-9a56-154fea88a623",
              "isHook": false,
              "skipped": false
            },
            {
              "title": "should persist bookings in localStorage after page reload",
              "fullTitle": "Hospital should persist bookings in localStorage after page reload",
              "timedOut": null,
              "duration": 325,
              "state": "passed",
              "speed": "fast",
              "pass": true,
              "fail": false,
              "pending": false,
              "context": null,
              "code": "const mockBookings = [{\n  \"Hospital Name\": \"southeast alabama medical center\",\n  \"City\": \"DOTHAN\",\n  \"State\": \"Alabama\",\n  \"Hospital Type\": \"General\",\n  \"Hospital overall rating\": \"4.5\",\n  bookingDate: \"2024-12-15\",\n  bookingTime: \"10:00 AM\"\n}];\ncy.window().then(win => {\n  win.localStorage.setItem('bookings', JSON.stringify(mockBookings));\n});\ncy.visit('http://localhost:3000/my-bookings'); // Replace with actual My Bookings URL\ncy.get('h3').contains('southeast alabama medical center', {\n  timeout: 5000\n}).should('be.visible');\ncy.reload();\ncy.get('h3').contains('southeast alabama medical center', {\n  timeout: 5000\n}).should('be.visible');",
              "err": {},
              "uuid": "51e39a3f-004d-4af2-9c09-cc29ee35f060",
              "parentUUID": "13c41a99-b317-438d-9a56-154fea88a623",
              "isHook": false,
              "skipped": false
            }
          ],
          "suites": [],
          "passes": [
            "3a6f9de9-9d3b-4fa6-ab52-6ee720b84f17",
            "81d21325-a4e2-43c1-91fb-9b2a52b3f379",
            "f2743879-4529-4220-a570-8f71c3fd6fa1",
            "2d10593e-6a68-46af-be0d-c12522b6a0c0",
            "dfa9e580-4f6e-4afa-b612-c1de45b1cff5",
            "51e39a3f-004d-4af2-9c09-cc29ee35f060"
          ],
          "failures": [],
          "pending": [],
          "skipped": [],
          "duration": 11564,
          "root": false,
          "rootEmpty": false,
          "_timeout": 2000
        }
      ],
      "passes": [],
      "failures": [],
      "pending": [],
      "skipped": [],
      "duration": 0,
      "root": true,
      "rootEmpty": true,
      "_timeout": 2000
    }
  ],
  "meta": {
    "mocha": {
      "version": "7.0.1"
    },
    "mochawesome": {
      "options": {
        "quiet": false,
        "reportFilename": "mochawesome",
        "saveHtml": true,
        "saveJson": true,
        "consoleReporter": "spec",
        "useInlineDiffs": false,
        "code": true
      },
      "version": "7.1.3"
    },
    "marge": {
      "options": {
        "reportDir": "cypress/reports/mocha",
        "overwrite": false,
        "html": true,
        "json": true
      },
      "version": "6.2.0"
    }
  }
}