{
  "stats": {
    "suites": 1,
    "tests": 6,
    "passes": 0,
    "pending": 0,
    "failures": 6,
    "start": "2025-08-29T12:22:41.350Z",
    "end": "2025-08-29T12:23:18.720Z",
    "duration": 37370,
    "testsRegistered": 6,
    "passPercent": 0,
    "pendingPercent": 0,
    "other": 0,
    "hasOther": false,
    "skipped": 0,
    "hasSkipped": false
  },
  "results": [
    {
      "uuid": "1f3d5bdb-dfb0-45f9-b04b-97bb9d6aa8e8",
      "title": "",
      "fullFile": "cypress/e2e/spec.cy.js",
      "file": "cypress/e2e/spec.cy.js",
      "beforeHooks": [],
      "afterHooks": [],
      "tests": [],
      "suites": [
        {
          "uuid": "054a86e4-8642-462e-a920-47b2fe1e784e",
          "title": "Hospital",
          "fullFile": "",
          "file": "",
          "beforeHooks": [],
          "afterHooks": [],
          "tests": [
            {
              "title": "should display state and city dropdowns",
              "fullTitle": "Hospital should display state and city dropdowns",
              "timedOut": null,
              "duration": 14794,
              "state": "failed",
              "speed": null,
              "pass": false,
              "fail": true,
              "pending": false,
              "context": null,
              "code": "cy.get('div#state').should('be.visible'); // Verify the State dropdown is present\ncy.get('div#city').should('be.visible'); // Verify the City dropdown is present",
              "err": {
                "message": "AssertionError: Timed out retrying after 4000ms: Expected to find element: `div#state`, but never found it.",
                "estack": "AssertionError: Timed out retrying after 4000ms: Expected to find element: `div#state`, but never found it.\n    at Context.eval (webpack://medifyapp/./cypress/e2e/spec.cy.js:8:24)",
                "diff": null
              },
              "uuid": "650db215-cf51-4932-a089-8cdffc55f4e0",
              "parentUUID": "054a86e4-8642-462e-a920-47b2fe1e784e",
              "isHook": false,
              "skipped": false
            },
            {
              "title": "should fetch hospitals when both state and city are selected",
              "fullTitle": "Hospital should fetch hospitals when both state and city are selected",
              "timedOut": null,
              "duration": 4962,
              "state": "failed",
              "speed": null,
              "pass": false,
              "fail": true,
              "pending": false,
              "context": null,
              "code": "cy.intercept('GET', 'https://meddata-backend.onrender.com/data?state=Alabama&city=DOTHAN', {\n  fixture: 'hospitals.json'\n}).as('getHospitals');\ncy.get('div#state').click(); // Open state dropdown\ncy.contains('li', 'Alabama', {\n  timeout: 5000\n}).click(); // Wait for state options to load and select Alabama\ncy.get('div#city').click(); // Open city dropdown\ncy.contains('li', 'DOTHAN', {\n  timeout: 5000\n}).click(); // Wait for city options to load and select DOTHAN\ncy.get('#searchBtn').should('contain.text', 'Search').click(); // Click the search button\ncy.wait('@getHospitals');\ncy.get('h1').should('contain.text', '2 medical centers available in dothan');",
              "err": {
                "message": "AssertionError: Timed out retrying after 4000ms: Expected to find element: `div#state`, but never found it.",
                "estack": "AssertionError: Timed out retrying after 4000ms: Expected to find element: `div#state`, but never found it.\n    at Context.eval (webpack://medifyapp/./cypress/e2e/spec.cy.js:17:7)",
                "diff": null
              },
              "uuid": "128bcc31-f7d2-496e-8f76-6101c47475c4",
              "parentUUID": "054a86e4-8642-462e-a920-47b2fe1e784e",
              "isHook": false,
              "skipped": false
            },
            {
              "title": "should open appointment booking section when a medical center is clicked",
              "fullTitle": "Hospital should open appointment booking section when a medical center is clicked",
              "timedOut": null,
              "duration": 4537,
              "state": "failed",
              "speed": null,
              "pass": false,
              "fail": true,
              "pending": false,
              "context": null,
              "code": "cy.intercept('GET', 'https://meddata-backend.onrender.com/data?state=Alabama&city=DOTHAN', {\n  fixture: 'hospitals.json' // Use a mock JSON response file\n}).as('getHospitals');\ncy.get('div#state') // Replace with the selector for the state dropdown\n.click();\ncy.contains('li', 'Alabama') // Replace with a valid state option\n.click();\ncy.get('div#city').click();\ncy.contains('li', 'DOTHAN') // Replace with a valid city option\n.click();\ncy.get('#searchBtn').should('contain.text', 'Search').click(); // Click the search button\ncy.wait('@getHospitals');\ncy.get('button').contains('Book FREE Center Visit').should('be.visible');",
              "err": {
                "message": "AssertionError: Timed out retrying after 4000ms: Expected to find element: `div#state`, but never found it.",
                "estack": "AssertionError: Timed out retrying after 4000ms: Expected to find element: `div#state`, but never found it.\n    at Context.eval (webpack://medifyapp/./cypress/e2e/spec.cy.js:35:7)",
                "diff": null
              },
              "uuid": "1b6c9355-3597-455a-ad13-068ae5303feb",
              "parentUUID": "054a86e4-8642-462e-a920-47b2fe1e784e",
              "isHook": false,
              "skipped": false
            },
            {
              "title": "should allow user to select date and time and book appointment",
              "fullTitle": "Hospital should allow user to select date and time and book appointment",
              "timedOut": null,
              "duration": 11081,
              "state": "failed",
              "speed": null,
              "pass": false,
              "fail": true,
              "pending": false,
              "context": null,
              "code": "cy.intercept('GET', 'https://meddata-backend.onrender.com/data?state=Alabama&city=DOTHAN', {\n  fixture: 'hospitals.json' // Use a mock JSON response file\n}).as('getHospitals');\ncy.get('div#state') // Replace with the selector for the state dropdown\n.click();\ncy.contains('li', 'Alabama') // Replace with a valid state option\n.click();\ncy.get('div#city').click();\ncy.contains('li', 'DOTHAN') // Replace with a valid city option\n.click();\ncy.get('#searchBtn').should('contain.text', 'Search').click(); // Click the search button\ncy.wait('@getHospitals');\ncy.get('button').contains('Book FREE Center Visit').click();\ncy.get('p').contains('Today');\ncy.get('p').contains('Morning');\ncy.get('p').contains('Afternoon');\ncy.get('p').contains('Evening');",
              "err": {
                "message": "AssertionError: Timed out retrying after 4000ms: Expected to find element: `div#state`, but never found it.",
                "estack": "AssertionError: Timed out retrying after 4000ms: Expected to find element: `div#state`, but never found it.\n    at Context.eval (webpack://medifyapp/./cypress/e2e/spec.cy.js:56:7)",
                "diff": null
              },
              "uuid": "fe641700-beba-44e6-b62f-2186110be130",
              "parentUUID": "054a86e4-8642-462e-a920-47b2fe1e784e",
              "isHook": false,
              "skipped": false
            },
            {
              "title": "should display all booked slots on the My Bookings page",
              "fullTitle": "Hospital should display all booked slots on the My Bookings page",
              "timedOut": null,
              "duration": 968,
              "state": "failed",
              "speed": null,
              "pass": false,
              "fail": true,
              "pending": false,
              "context": null,
              "code": "// Navigate to the \"My Bookings\" page\ncy.visit('http://localhost:3000/my-bookings'); // Replace with the actual URL for the My Bookings page\ncy.get('h1').contains('My Bookings');",
              "err": {
                "message": "CypressError: `cy.visit()` failed trying to load:\n\nhttp://localhost:3000/my-bookings\n\nWe attempted to make an http request to this URL but the request failed without a response.\n\nWe received this error at the network level:\n\n  > Error: connect ECONNREFUSED ::1:3000\n\nCommon situations why this would fail:\n  - you don't have internet access\n  - you forgot to run / boot your web server\n  - your web server isn't accessible\n  - you have weird network configuration settings on your computer",
                "estack": "CypressError: `cy.visit()` failed trying to load:\n\nhttp://localhost:3000/my-bookings\n\nWe attempted to make an http request to this URL but the request failed without a response.\n\nWe received this error at the network level:\n\n    at <unknown> (  > Error: connect ECONNREFUSED ::1:3000)\n\nCommon situations why this would fail:\n- you don't have internet access\n- you forgot to run / boot your web server\n- your web server isn't accessible\n- you have weird network configuration settings on your computer\n    at <unknown> (http://localhost:5173/__cypress/runner/cypress_runner.js:131607:74)\n    at visitFailedByErr (http://localhost:5173/__cypress/runner/cypress_runner.js:131006:12)\n    at <unknown> (http://localhost:5173/__cypress/runner/cypress_runner.js:131606:11)\n    at tryCatcher (http://localhost:5173/__cypress/runner/cypress_runner.js:1830:23)\n    at Promise._settlePromiseFromHandler (http://localhost:5173/__cypress/runner/cypress_runner.js:1542:31)\n    at Promise._settlePromise (http://localhost:5173/__cypress/runner/cypress_runner.js:1599:18)\n    at Promise._settlePromise0 (http://localhost:5173/__cypress/runner/cypress_runner.js:1644:10)\n    at Promise._settlePromises (http://localhost:5173/__cypress/runner/cypress_runner.js:1720:18)\n    at _drainQueueStep (http://localhost:5173/__cypress/runner/cypress_runner.js:2430:12)\n    at _drainQueue (http://localhost:5173/__cypress/runner/cypress_runner.js:2423:9)\n    at Async._drainQueues (http://localhost:5173/__cypress/runner/cypress_runner.js:2439:5)\n    at Async.drainQueues (http://localhost:5173/__cypress/runner/cypress_runner.js:2309:14)\nFrom Your Spec Code:\n    at Context.eval (webpack://medifyapp/./cypress/e2e/spec.cy.js:79:7)\n\nFrom Node.js Internals:\n    at <unknown> (      Error: connect ECONNREFUSED ::1:3000)\n    at TCPConnectWrap.afterConnect [as oncomplete] (node:net:1495:16)",
                "diff": null
              },
              "uuid": "9a1d63f8-855f-465b-9c50-ac606f55e3bd",
              "parentUUID": "054a86e4-8642-462e-a920-47b2fe1e784e",
              "isHook": false,
              "skipped": false
            },
            {
              "title": "should persist bookings in localStorage after page reload",
              "fullTitle": "Hospital should persist bookings in localStorage after page reload",
              "timedOut": null,
              "duration": 917,
              "state": "failed",
              "speed": null,
              "pass": false,
              "fail": true,
              "pending": false,
              "context": null,
              "code": "const mockBookings = [{\n  \"Hospital Name\": \"southeast alabama medical center\",\n  \"City\": \"DOTHAN\",\n  \"State\": \"Alabama\",\n  \"Hospital Type\": \"General\",\n  \"Hospital overall rating\": \"4.5\",\n  bookingDate: \"2024-12-15\",\n  bookingTime: \"10:00 AM\"\n}];\ncy.window().then(win => {\n  win.localStorage.setItem('bookings', JSON.stringify(mockBookings));\n});\ncy.visit('http://localhost:3000/my-bookings'); // Replace with actual My Bookings URL\ncy.get('h3').contains('southeast alabama medical center', {\n  timeout: 5000\n}).should('be.visible');\ncy.reload();\ncy.get('h3').contains('southeast alabama medical center', {\n  timeout: 5000\n}).should('be.visible');",
              "err": {
                "message": "CypressError: `cy.visit()` failed trying to load:\n\nhttp://localhost:3000/my-bookings\n\nWe attempted to make an http request to this URL but the request failed without a response.\n\nWe received this error at the network level:\n\n  > Error: connect ECONNREFUSED ::1:3000\n\nCommon situations why this would fail:\n  - you don't have internet access\n  - you forgot to run / boot your web server\n  - your web server isn't accessible\n  - you have weird network configuration settings on your computer",
                "estack": "CypressError: `cy.visit()` failed trying to load:\n\nhttp://localhost:3000/my-bookings\n\nWe attempted to make an http request to this URL but the request failed without a response.\n\nWe received this error at the network level:\n\n    at <unknown> (  > Error: connect ECONNREFUSED ::1:3000)\n\nCommon situations why this would fail:\n- you don't have internet access\n- you forgot to run / boot your web server\n- your web server isn't accessible\n- you have weird network configuration settings on your computer\n    at <unknown> (http://localhost:5173/__cypress/runner/cypress_runner.js:131607:74)\n    at visitFailedByErr (http://localhost:5173/__cypress/runner/cypress_runner.js:131006:12)\n    at <unknown> (http://localhost:5173/__cypress/runner/cypress_runner.js:131606:11)\n    at tryCatcher (http://localhost:5173/__cypress/runner/cypress_runner.js:1830:23)\n    at Promise._settlePromiseFromHandler (http://localhost:5173/__cypress/runner/cypress_runner.js:1542:31)\n    at Promise._settlePromise (http://localhost:5173/__cypress/runner/cypress_runner.js:1599:18)\n    at Promise._settlePromise0 (http://localhost:5173/__cypress/runner/cypress_runner.js:1644:10)\n    at Promise._settlePromises (http://localhost:5173/__cypress/runner/cypress_runner.js:1720:18)\n    at _drainQueueStep (http://localhost:5173/__cypress/runner/cypress_runner.js:2430:12)\n    at _drainQueue (http://localhost:5173/__cypress/runner/cypress_runner.js:2423:9)\n    at Async._drainQueues (http://localhost:5173/__cypress/runner/cypress_runner.js:2439:5)\n    at Async.drainQueues (http://localhost:5173/__cypress/runner/cypress_runner.js:2309:14)\nFrom Your Spec Code:\n    at Context.eval (webpack://medifyapp/./cypress/e2e/spec.cy.js:101:7)\n\nFrom Node.js Internals:\n    at <unknown> (      Error: connect ECONNREFUSED ::1:3000)\n    at TCPConnectWrap.afterConnect [as oncomplete] (node:net:1495:16)",
                "diff": null
              },
              "uuid": "eb664242-1bf9-46fb-9d06-04b087389dc2",
              "parentUUID": "054a86e4-8642-462e-a920-47b2fe1e784e",
              "isHook": false,
              "skipped": false
            }
          ],
          "suites": [],
          "passes": [],
          "failures": [
            "650db215-cf51-4932-a089-8cdffc55f4e0",
            "128bcc31-f7d2-496e-8f76-6101c47475c4",
            "1b6c9355-3597-455a-ad13-068ae5303feb",
            "fe641700-beba-44e6-b62f-2186110be130",
            "9a1d63f8-855f-465b-9c50-ac606f55e3bd",
            "eb664242-1bf9-46fb-9d06-04b087389dc2"
          ],
          "pending": [],
          "skipped": [],
          "duration": 37259,
          "root": false,
          "rootEmpty": false,
          "_timeout": 2000
        }
      ],
      "passes": [],
      "failures": [],
      "pending": [],
      "skipped": [],
      "duration": 0,
      "root": true,
      "rootEmpty": true,
      "_timeout": 2000
    }
  ],
  "meta": {
    "mocha": {
      "version": "7.0.1"
    },
    "mochawesome": {
      "options": {
        "quiet": false,
        "reportFilename": "mochawesome",
        "saveHtml": true,
        "saveJson": true,
        "consoleReporter": "spec",
        "useInlineDiffs": false,
        "code": true
      },
      "version": "7.1.3"
    },
    "marge": {
      "options": {
        "reportDir": "cypress/reports/mocha",
        "overwrite": false,
        "html": true,
        "json": true
      },
      "version": "6.2.0"
    }
  }
}