{
  "stats": {
    "suites": 1,
    "tests": 6,
    "passes": 2,
    "pending": 0,
    "failures": 4,
    "start": "2025-08-30T06:35:32.515Z",
    "end": "2025-08-30T06:36:01.325Z",
    "duration": 28810,
    "testsRegistered": 6,
    "passPercent": 33.33333333333333,
    "pendingPercent": 0,
    "other": 0,
    "hasOther": false,
    "skipped": 0,
    "hasSkipped": false
  },
  "results": [
    {
      "uuid": "691376a9-934c-481f-871c-ef590e784166",
      "title": "",
      "fullFile": "cypress/e2e/spec.cy.js",
      "file": "cypress/e2e/spec.cy.js",
      "beforeHooks": [],
      "afterHooks": [],
      "tests": [],
      "suites": [
        {
          "uuid": "3d92b10c-0dcf-4012-89d4-09c82efd14bb",
          "title": "Hospital",
          "fullFile": "",
          "file": "",
          "beforeHooks": [],
          "afterHooks": [],
          "tests": [
            {
              "title": "should display state and city dropdowns",
              "fullTitle": "Hospital should display state and city dropdowns",
              "timedOut": null,
              "duration": 1903,
              "state": "passed",
              "speed": "fast",
              "pass": true,
              "fail": false,
              "pending": false,
              "context": null,
              "code": "cy.get('div#state').should('be.visible'); // Verify the State dropdown is present\ncy.get('div#city').should('be.visible'); // Verify the City dropdown is present",
              "err": {},
              "uuid": "2d73785f-47dc-4e50-abe2-301b5da25c43",
              "parentUUID": "3d92b10c-0dcf-4012-89d4-09c82efd14bb",
              "isHook": false,
              "skipped": false
            },
            {
              "title": "should fetch hospitals when both state and city are selected",
              "fullTitle": "Hospital should fetch hospitals when both state and city are selected",
              "timedOut": null,
              "duration": 7363,
              "state": "failed",
              "speed": null,
              "pass": false,
              "fail": true,
              "pending": false,
              "context": null,
              "code": "cy.intercept('GET', 'https://meddata-backend.onrender.com/data?state=Alabama&city=DOTHAN', {\n  fixture: 'hospitals.json'\n}).as('getHospitals');\ncy.get('div#state').click(); // Open state dropdown\ncy.contains('li', 'Alabama', {\n  timeout: 15000\n}).click(); // Wait for state options to load and select Alabama\ncy.get('div#city').click(); // Open city dropdown\ncy.contains('li', 'DOTHAN', {\n  timeout: 15000\n}).click(); // Wait for city options to load and select DOTHAN\ncy.get('#searchBtn').should('contain.text', 'Search').click(); // Click the search button\ncy.wait('@getHospitals');\ncy.get('h1').should('contain.text', '2 medical centers available in dothan');",
              "err": {
                "message": "AssertionError: Timed out retrying after 4000ms: Expected to find element: `#searchBtn`, but never found it.",
                "estack": "AssertionError: Timed out retrying after 4000ms: Expected to find element: `#searchBtn`, but never found it.\n    at Context.eval (webpack://medifyapp/./cypress/e2e/spec.cy.js:23:25)",
                "diff": null
              },
              "uuid": "61135d80-6f5d-4598-aefb-47085dc3434a",
              "parentUUID": "3d92b10c-0dcf-4012-89d4-09c82efd14bb",
              "isHook": false,
              "skipped": false
            },
            {
              "title": "should open appointment booking section when a medical center is clicked",
              "fullTitle": "Hospital should open appointment booking section when a medical center is clicked",
              "timedOut": null,
              "duration": 6204,
              "state": "failed",
              "speed": null,
              "pass": false,
              "fail": true,
              "pending": false,
              "context": null,
              "code": "cy.intercept('GET', 'https://meddata-backend.onrender.com/data?state=Alabama&city=DOTHAN', {\n  fixture: 'hospitals.json' // Use a mock JSON response file\n}).as('getHospitals');\ncy.get('div#state') // Replace with the selector for the state dropdown\n.click();\ncy.contains('li', 'Alabama', {\n  timeout: 15000\n}) // Replace with a valid state option\n.click();\ncy.get('div#city').click();\ncy.contains('li', 'DOTHAN', {\n  timeout: 15000\n}) // Replace with a valid city option\n.click();\ncy.get('#searchBtn').should('contain.text', 'Search').click(); // Click the search button\ncy.wait('@getHospitals');\ncy.get('button').contains('Book FREE Center Visit').should('be.visible');",
              "err": {
                "message": "AssertionError: Timed out retrying after 4000ms: Expected to find element: `#searchBtn`, but never found it.",
                "estack": "AssertionError: Timed out retrying after 4000ms: Expected to find element: `#searchBtn`, but never found it.\n    at Context.eval (webpack://medifyapp/./cypress/e2e/spec.cy.js:44:25)",
                "diff": null
              },
              "uuid": "25d1f278-4f75-4877-bf95-4d4dd28a5829",
              "parentUUID": "3d92b10c-0dcf-4012-89d4-09c82efd14bb",
              "isHook": false,
              "skipped": false
            },
            {
              "title": "should allow user to select date and time and book appointment",
              "fullTitle": "Hospital should allow user to select date and time and book appointment",
              "timedOut": null,
              "duration": 6035,
              "state": "failed",
              "speed": null,
              "pass": false,
              "fail": true,
              "pending": false,
              "context": null,
              "code": "cy.intercept('GET', 'https://meddata-backend.onrender.com/data?state=Alabama&city=DOTHAN', {\n  fixture: 'hospitals.json' // Use a mock JSON response file\n}).as('getHospitals');\ncy.get('div#state') // Replace with the selector for the state dropdown\n.click();\ncy.contains('li', 'Alabama') // Replace with a valid state option\n.click();\ncy.get('div#city').click();\ncy.contains('li', 'DOTHAN') // Replace with a valid city option\n.click();\ncy.get('#searchBtn').should('contain.text', 'Search').click(); // Click the search button\ncy.wait('@getHospitals');\ncy.get('button').contains('Book FREE Center Visit').click();\ncy.get('p').contains('Today');\ncy.get('p').contains('Morning');\ncy.get('p').contains('Afternoon');\ncy.get('p').contains('Evening');",
              "err": {
                "message": "AssertionError: Timed out retrying after 4000ms: Expected to find element: `#searchBtn`, but never found it.",
                "estack": "AssertionError: Timed out retrying after 4000ms: Expected to find element: `#searchBtn`, but never found it.\n    at Context.eval (webpack://medifyapp/./cypress/e2e/spec.cy.js:65:25)",
                "diff": null
              },
              "uuid": "1eb95f8e-9d7b-477f-bf2e-a24567ac888e",
              "parentUUID": "3d92b10c-0dcf-4012-89d4-09c82efd14bb",
              "isHook": false,
              "skipped": false
            },
            {
              "title": "should display all booked slots on the My Bookings page",
              "fullTitle": "Hospital should display all booked slots on the My Bookings page",
              "timedOut": null,
              "duration": 660,
              "state": "passed",
              "speed": "fast",
              "pass": true,
              "fail": false,
              "pending": false,
              "context": null,
              "code": "// Navigate to the \"My Bookings\" page\ncy.visit('https://medify-zeta-seven.vercel.app/my-bookings'); // Replace with the actual URL for the My Bookings page\ncy.get('h1').contains('My Bookings');",
              "err": {},
              "uuid": "771cb580-2e5c-46a6-a5aa-caf4be798d6f",
              "parentUUID": "3d92b10c-0dcf-4012-89d4-09c82efd14bb",
              "isHook": false,
              "skipped": false
            },
            {
              "title": "should persist bookings in localStorage after page reload",
              "fullTitle": "Hospital should persist bookings in localStorage after page reload",
              "timedOut": null,
              "duration": 6510,
              "state": "failed",
              "speed": null,
              "pass": false,
              "fail": true,
              "pending": false,
              "context": null,
              "code": "const mockBookings = [{\n  \"Hospital Name\": \"southeast alabama medical center\",\n  \"City\": \"DOTHAN\",\n  \"State\": \"Alabama\",\n  \"Hospital Type\": \"General\",\n  \"Hospital overall rating\": \"4.5\",\n  bookingDate: \"2024-12-15\",\n  bookingTime: \"10:00 AM\"\n}];\ncy.window().then(win => {\n  win.localStorage.setItem('bookings', JSON.stringify(mockBookings));\n});\ncy.visit('https://medify-zeta.vercel.app/my-bookings'); // Replace with actual My Bookings URL\ncy.get('h3').contains('southeast alabama medical center', {\n  timeout: 5000\n}).should('be.visible');\ncy.reload();\ncy.get('h3').contains('southeast alabama medical center', {\n  timeout: 5000\n}).should('be.visible');",
              "err": {
                "message": "CypressError: Timed out retrying after 4000ms: The command was expected to run against origin `https://medify-zeta-seven.vercel.app` but the application is at origin `https://medify-zeta.vercel.app`.\n\nThis commonly happens when you have either not navigated to the expected origin or have navigated away unexpectedly.\n\nUsing `cy.origin()` to wrap the commands run on `https://medify-zeta.vercel.app` will likely fix this issue.\n\n`cy.origin('https://medify-zeta.vercel.app', () => {`\n`  <commands targeting https://medify-zeta.vercel.app go here>`\n`})`\n\nhttps://on.cypress.io/cy-visit-succeeded-but-commands-fail",
                "estack": "CypressError: Timed out retrying after 4000ms: The command was expected to run against origin `https://medify-zeta-seven.vercel.app` but the application is at origin `https://medify-zeta.vercel.app`.\n\nThis commonly happens when you have either not navigated to the expected origin or have navigated away unexpectedly.\n\nUsing `cy.origin()` to wrap the commands run on `https://medify-zeta.vercel.app` will likely fix this issue.\n\n`cy.origin('https://medify-zeta.vercel.app', () => {`\n`  <commands targeting https://medify-zeta.vercel.app go here>`\n`})`\n\nhttps://on.cypress.io/cy-visit-succeeded-but-commands-fail\n    at cypressErr (https://medify-zeta-seven.vercel.app/__cypress/runner/cypress_runner.js:76065:18)\n    at Object.errByPath (https://medify-zeta-seven.vercel.app/__cypress/runner/cypress_runner.js:76119:10)\n    at Object.commandCanCommunicateWithAUT (https://medify-zeta-seven.vercel.app/__cypress/runner/cypress_runner.js:145064:90)\n    at <unknown> (https://medify-zeta-seven.vercel.app/__cypress/runner/cypress_runner.js:131970:22)\n    at Object.subjectFn (https://medify-zeta-seven.vercel.app/__cypress/runner/cypress_runner.js:143866:16)\n    at $Cy.verifyUpcomingAssertions (https://medify-zeta-seven.vercel.app/__cypress/runner/cypress_runner.js:143205:31)\n    at onRetry (https://medify-zeta-seven.vercel.app/__cypress/runner/cypress_runner.js:143857:15)\n    at tryCatcher (https://medify-zeta-seven.vercel.app/__cypress/runner/cypress_runner.js:1830:23)\n    at Promise.attempt.Promise.try (https://medify-zeta-seven.vercel.app/__cypress/runner/cypress_runner.js:4338:29)\n    at whenStable (https://medify-zeta-seven.vercel.app/__cypress/runner/cypress_runner.js:143744:68)\n    at <unknown> (https://medify-zeta-seven.vercel.app/__cypress/runner/cypress_runner.js:143685:14)\n    at tryCatcher (https://medify-zeta-seven.vercel.app/__cypress/runner/cypress_runner.js:1830:23)\n    at Promise._settlePromiseFromHandler (https://medify-zeta-seven.vercel.app/__cypress/runner/cypress_runner.js:1542:31)\n    at Promise._settlePromise (https://medify-zeta-seven.vercel.app/__cypress/runner/cypress_runner.js:1599:18)\n    at Promise._settlePromise0 (https://medify-zeta-seven.vercel.app/__cypress/runner/cypress_runner.js:1644:10)\n    at Promise._settlePromises (https://medify-zeta-seven.vercel.app/__cypress/runner/cypress_runner.js:1724:18)\n    at Promise._fulfill (https://medify-zeta-seven.vercel.app/__cypress/runner/cypress_runner.js:1668:18)\n    at <unknown> (https://medify-zeta-seven.vercel.app/__cypress/runner/cypress_runner.js:5473:46)\nFrom Your Spec Code:\n    at Context.eval (webpack://medifyapp/./cypress/e2e/spec.cy.js:103:7)",
                "diff": null
              },
              "uuid": "8e97a7fe-1373-41d9-afe2-a241c67064ab",
              "parentUUID": "3d92b10c-0dcf-4012-89d4-09c82efd14bb",
              "isHook": false,
              "skipped": false
            }
          ],
          "suites": [],
          "passes": [
            "2d73785f-47dc-4e50-abe2-301b5da25c43",
            "771cb580-2e5c-46a6-a5aa-caf4be798d6f"
          ],
          "failures": [
            "61135d80-6f5d-4598-aefb-47085dc3434a",
            "25d1f278-4f75-4877-bf95-4d4dd28a5829",
            "1eb95f8e-9d7b-477f-bf2e-a24567ac888e",
            "8e97a7fe-1373-41d9-afe2-a241c67064ab"
          ],
          "pending": [],
          "skipped": [],
          "duration": 28675,
          "root": false,
          "rootEmpty": false,
          "_timeout": 2000
        }
      ],
      "passes": [],
      "failures": [],
      "pending": [],
      "skipped": [],
      "duration": 0,
      "root": true,
      "rootEmpty": true,
      "_timeout": 2000
    }
  ],
  "meta": {
    "mocha": {
      "version": "7.0.1"
    },
    "mochawesome": {
      "options": {
        "quiet": false,
        "reportFilename": "mochawesome",
        "saveHtml": true,
        "saveJson": true,
        "consoleReporter": "spec",
        "useInlineDiffs": false,
        "code": true
      },
      "version": "7.1.3"
    },
    "marge": {
      "options": {
        "reportDir": "cypress/reports/mocha",
        "overwrite": false,
        "html": true,
        "json": true
      },
      "version": "6.2.0"
    }
  }
}