{
  "stats": {
    "suites": 1,
    "tests": 6,
    "passes": 6,
    "pending": 0,
    "failures": 0,
    "start": "2025-08-29T14:35:15.755Z",
    "end": "2025-08-29T14:35:33.541Z",
    "duration": 17786,
    "testsRegistered": 6,
    "passPercent": 100,
    "pendingPercent": 0,
    "other": 0,
    "hasOther": false,
    "skipped": 0,
    "hasSkipped": false
  },
  "results": [
    {
      "uuid": "1cfbfc32-820b-46e4-a3fe-2a72865324b5",
      "title": "",
      "fullFile": "cypress/e2e/spec.cy.js",
      "file": "cypress/e2e/spec.cy.js",
      "beforeHooks": [],
      "afterHooks": [],
      "tests": [],
      "suites": [
        {
          "uuid": "e91dae48-2d30-4869-aa99-1fc4b96c5202",
          "title": "Hospital",
          "fullFile": "",
          "file": "",
          "beforeHooks": [],
          "afterHooks": [],
          "tests": [
            {
              "title": "should display state and city dropdowns",
              "fullTitle": "Hospital should display state and city dropdowns",
              "timedOut": null,
              "duration": 3366,
              "state": "passed",
              "speed": "fast",
              "pass": true,
              "fail": false,
              "pending": false,
              "context": null,
              "code": "cy.get('div#state').should('be.visible'); // Verify the State dropdown is present\ncy.get('div#city').should('be.visible'); // Verify the City dropdown is present",
              "err": {},
              "uuid": "ae22f4ea-05a1-43b9-b941-e3c77e802565",
              "parentUUID": "e91dae48-2d30-4869-aa99-1fc4b96c5202",
              "isHook": false,
              "skipped": false
            },
            {
              "title": "should fetch hospitals when both state and city are selected",
              "fullTitle": "Hospital should fetch hospitals when both state and city are selected",
              "timedOut": null,
              "duration": 5305,
              "state": "passed",
              "speed": "medium",
              "pass": true,
              "fail": false,
              "pending": false,
              "context": null,
              "code": "cy.intercept('GET', 'https://meddata-backend.onrender.com/data?state=Alabama&city=DOTHAN', {\n  fixture: 'hospitals.json'\n}).as('getHospitals');\ncy.get('div#state').click(); // Open state dropdown\ncy.contains('li', 'Alabama', {\n  timeout: 15000\n}).click(); // Wait for state options to load and select Alabama\ncy.get('div#city').click(); // Open city dropdown\ncy.contains('li', 'DOTHAN', {\n  timeout: 15000\n}).click(); // Wait for city options to load and select DOTHAN\ncy.get('#searchBtn').should('contain.text', 'Search').click(); // Click the search button\ncy.wait('@getHospitals');\ncy.get('h1').should('contain.text', '2 medical centers available in dothan');",
              "err": {},
              "uuid": "624fa88e-76f7-4563-a981-52a24f82348c",
              "parentUUID": "e91dae48-2d30-4869-aa99-1fc4b96c5202",
              "isHook": false,
              "skipped": false
            },
            {
              "title": "should open appointment booking section when a medical center is clicked",
              "fullTitle": "Hospital should open appointment booking section when a medical center is clicked",
              "timedOut": null,
              "duration": 5007,
              "state": "passed",
              "speed": "medium",
              "pass": true,
              "fail": false,
              "pending": false,
              "context": null,
              "code": "cy.intercept('GET', 'https://meddata-backend.onrender.com/data?state=Alabama&city=DOTHAN', {\n  fixture: 'hospitals.json' // Use a mock JSON response file\n}).as('getHospitals');\ncy.get('div#state') // Replace with the selector for the state dropdown\n.click();\ncy.contains('li', 'Alabama') // Replace with a valid state option\n.click();\ncy.get('div#city').click();\ncy.contains('li', 'DOTHAN') // Replace with a valid city option\n.click();\ncy.get('#searchBtn').should('contain.text', 'Search').click(); // Click the search button\ncy.wait('@getHospitals');\ncy.get('button').contains('Book FREE Center Visit').should('be.visible');",
              "err": {},
              "uuid": "324ebe20-7b1e-4161-a42a-ef02806f6573",
              "parentUUID": "e91dae48-2d30-4869-aa99-1fc4b96c5202",
              "isHook": false,
              "skipped": false
            },
            {
              "title": "should allow user to select date and time and book appointment",
              "fullTitle": "Hospital should allow user to select date and time and book appointment",
              "timedOut": null,
              "duration": 3414,
              "state": "passed",
              "speed": "fast",
              "pass": true,
              "fail": false,
              "pending": false,
              "context": null,
              "code": "cy.intercept('GET', 'https://meddata-backend.onrender.com/data?state=Alabama&city=DOTHAN', {\n  fixture: 'hospitals.json' // Use a mock JSON response file\n}).as('getHospitals');\ncy.get('div#state') // Replace with the selector for the state dropdown\n.click();\ncy.contains('li', 'Alabama') // Replace with a valid state option\n.click();\ncy.get('div#city').click();\ncy.contains('li', 'DOTHAN') // Replace with a valid city option\n.click();\ncy.get('#searchBtn').should('contain.text', 'Search').click(); // Click the search button\ncy.wait('@getHospitals');\ncy.get('button').contains('Book FREE Center Visit').click();\ncy.get('p').contains('Today');\ncy.get('p').contains('Morning');\ncy.get('p').contains('Afternoon');\ncy.get('p').contains('Evening');",
              "err": {},
              "uuid": "f95c0f94-060f-4f5c-8f0e-3befa56a8b0b",
              "parentUUID": "e91dae48-2d30-4869-aa99-1fc4b96c5202",
              "isHook": false,
              "skipped": false
            },
            {
              "title": "should display all booked slots on the My Bookings page",
              "fullTitle": "Hospital should display all booked slots on the My Bookings page",
              "timedOut": null,
              "duration": 210,
              "state": "passed",
              "speed": "fast",
              "pass": true,
              "fail": false,
              "pending": false,
              "context": null,
              "code": "// Navigate to the \"My Bookings\" page\ncy.visit('http://localhost:3000/my-bookings'); // Replace with the actual URL for the My Bookings page\ncy.get('h1').contains('My Bookings');",
              "err": {},
              "uuid": "5a3c7056-b1a4-4f7c-a0f4-e2ebcfb5e3f0",
              "parentUUID": "e91dae48-2d30-4869-aa99-1fc4b96c5202",
              "isHook": false,
              "skipped": false
            },
            {
              "title": "should persist bookings in localStorage after page reload",
              "fullTitle": "Hospital should persist bookings in localStorage after page reload",
              "timedOut": null,
              "duration": 357,
              "state": "passed",
              "speed": "fast",
              "pass": true,
              "fail": false,
              "pending": false,
              "context": null,
              "code": "const mockBookings = [{\n  \"Hospital Name\": \"southeast alabama medical center\",\n  \"City\": \"DOTHAN\",\n  \"State\": \"Alabama\",\n  \"Hospital Type\": \"General\",\n  \"Hospital overall rating\": \"4.5\",\n  bookingDate: \"2024-12-15\",\n  bookingTime: \"10:00 AM\"\n}];\ncy.window().then(win => {\n  win.localStorage.setItem('bookings', JSON.stringify(mockBookings));\n});\ncy.visit('http://localhost:3000/my-bookings'); // Replace with actual My Bookings URL\ncy.get('h3').contains('southeast alabama medical center', {\n  timeout: 5000\n}).should('be.visible');\ncy.reload();\ncy.get('h3').contains('southeast alabama medical center', {\n  timeout: 5000\n}).should('be.visible');",
              "err": {},
              "uuid": "225494bc-efe6-4984-9fd2-63a93dedee36",
              "parentUUID": "e91dae48-2d30-4869-aa99-1fc4b96c5202",
              "isHook": false,
              "skipped": false
            }
          ],
          "suites": [],
          "passes": [
            "ae22f4ea-05a1-43b9-b941-e3c77e802565",
            "624fa88e-76f7-4563-a981-52a24f82348c",
            "324ebe20-7b1e-4161-a42a-ef02806f6573",
            "f95c0f94-060f-4f5c-8f0e-3befa56a8b0b",
            "5a3c7056-b1a4-4f7c-a0f4-e2ebcfb5e3f0",
            "225494bc-efe6-4984-9fd2-63a93dedee36"
          ],
          "failures": [],
          "pending": [],
          "skipped": [],
          "duration": 17659,
          "root": false,
          "rootEmpty": false,
          "_timeout": 2000
        }
      ],
      "passes": [],
      "failures": [],
      "pending": [],
      "skipped": [],
      "duration": 0,
      "root": true,
      "rootEmpty": true,
      "_timeout": 2000
    }
  ],
  "meta": {
    "mocha": {
      "version": "7.0.1"
    },
    "mochawesome": {
      "options": {
        "quiet": false,
        "reportFilename": "mochawesome",
        "saveHtml": true,
        "saveJson": true,
        "consoleReporter": "spec",
        "useInlineDiffs": false,
        "code": true
      },
      "version": "7.1.3"
    },
    "marge": {
      "options": {
        "reportDir": "cypress/reports/mocha",
        "overwrite": false,
        "html": true,
        "json": true
      },
      "version": "6.2.0"
    }
  }
}