{
  "stats": {
    "suites": 1,
    "tests": 6,
    "passes": 3,
    "pending": 0,
    "failures": 3,
    "start": "2025-08-29T14:19:46.605Z",
    "end": "2025-08-29T14:20:22.564Z",
    "duration": 35959,
    "testsRegistered": 6,
    "passPercent": 50,
    "pendingPercent": 0,
    "other": 0,
    "hasOther": false,
    "skipped": 0,
    "hasSkipped": false
  },
  "results": [
    {
      "uuid": "b36eaec1-db24-47f6-83af-2a4b9b6c1997",
      "title": "",
      "fullFile": "cypress/e2e/spec.cy.js",
      "file": "cypress/e2e/spec.cy.js",
      "beforeHooks": [],
      "afterHooks": [],
      "tests": [],
      "suites": [
        {
          "uuid": "7f57802d-4e17-4685-857c-0c149bf6fd64",
          "title": "Hospital",
          "fullFile": "",
          "file": "",
          "beforeHooks": [],
          "afterHooks": [],
          "tests": [
            {
              "title": "should display state and city dropdowns",
              "fullTitle": "Hospital should display state and city dropdowns",
              "timedOut": null,
              "duration": 6479,
              "state": "passed",
              "speed": "medium",
              "pass": true,
              "fail": false,
              "pending": false,
              "context": null,
              "code": "cy.get('div#state').should('be.visible'); // Verify the State dropdown is present\ncy.get('div#city').should('be.visible'); // Verify the City dropdown is present",
              "err": {},
              "uuid": "6d655064-c05e-4f49-9c4e-3cb9e9d8dd56",
              "parentUUID": "7f57802d-4e17-4685-857c-0c149bf6fd64",
              "isHook": false,
              "skipped": false
            },
            {
              "title": "should fetch hospitals when both state and city are selected",
              "fullTitle": "Hospital should fetch hospitals when both state and city are selected",
              "timedOut": null,
              "duration": 10509,
              "state": "failed",
              "speed": null,
              "pass": false,
              "fail": true,
              "pending": false,
              "context": null,
              "code": "cy.intercept('GET', 'https://meddata-backend.onrender.com/data?state=Alabama&city=DOTHAN', {\n  fixture: 'hospitals.json'\n}).as('getHospitals');\ncy.get('div#state').click(); // Open state dropdown\ncy.contains('li', 'Alabama', {\n  timeout: 5000\n}).click(); // Wait for state options to load and select Alabama\ncy.get('div#city').click(); // Open city dropdown\ncy.contains('li', 'DOTHAN', {\n  timeout: 5000\n}).click(); // Wait for city options to load and select DOTHAN\ncy.get('#searchBtn').should('contain.text', 'Search').click(); // Click the search button\ncy.wait('@getHospitals');\ncy.get('h1').should('contain.text', '2 medical centers available in dothan');",
              "err": {
                "message": "AssertionError: Timed out retrying after 4000ms: Expected to find element: `#searchBtn`, but never found it.",
                "estack": "AssertionError: Timed out retrying after 4000ms: Expected to find element: `#searchBtn`, but never found it.\n    at Context.eval (webpack://medifyapp/./cypress/e2e/spec.cy.js:23:25)",
                "diff": null
              },
              "uuid": "22dc2847-65b7-464f-80a7-bab1cd43bc8a",
              "parentUUID": "7f57802d-4e17-4685-857c-0c149bf6fd64",
              "isHook": false,
              "skipped": false
            },
            {
              "title": "should open appointment booking section when a medical center is clicked",
              "fullTitle": "Hospital should open appointment booking section when a medical center is clicked",
              "timedOut": null,
              "duration": 7160,
              "state": "failed",
              "speed": null,
              "pass": false,
              "fail": true,
              "pending": false,
              "context": null,
              "code": "cy.intercept('GET', 'https://meddata-backend.onrender.com/data?state=Alabama&city=DOTHAN', {\n  fixture: 'hospitals.json' // Use a mock JSON response file\n}).as('getHospitals');\ncy.get('div#state') // Replace with the selector for the state dropdown\n.click();\ncy.contains('li', 'Alabama') // Replace with a valid state option\n.click();\ncy.get('div#city').click();\ncy.contains('li', 'DOTHAN') // Replace with a valid city option\n.click();\ncy.get('#searchBtn').should('contain.text', 'Search').click(); // Click the search button\ncy.wait('@getHospitals');\ncy.get('button').contains('Book FREE Center Visit').should('be.visible');",
              "err": {
                "message": "AssertionError: Timed out retrying after 4000ms: Expected to find element: `#searchBtn`, but never found it.",
                "estack": "AssertionError: Timed out retrying after 4000ms: Expected to find element: `#searchBtn`, but never found it.\n    at Context.eval (webpack://medifyapp/./cypress/e2e/spec.cy.js:44:25)",
                "diff": null
              },
              "uuid": "89d63144-59a9-4cf7-86f1-6ae632184c17",
              "parentUUID": "7f57802d-4e17-4685-857c-0c149bf6fd64",
              "isHook": false,
              "skipped": false
            },
            {
              "title": "should allow user to select date and time and book appointment",
              "fullTitle": "Hospital should allow user to select date and time and book appointment",
              "timedOut": null,
              "duration": 9056,
              "state": "failed",
              "speed": null,
              "pass": false,
              "fail": true,
              "pending": false,
              "context": null,
              "code": "cy.intercept('GET', 'https://meddata-backend.onrender.com/data?state=Alabama&city=DOTHAN', {\n  fixture: 'hospitals.json' // Use a mock JSON response file\n}).as('getHospitals');\ncy.get('div#state') // Replace with the selector for the state dropdown\n.click();\ncy.contains('li', 'Alabama') // Replace with a valid state option\n.click();\ncy.get('div#city').click();\ncy.contains('li', 'DOTHAN') // Replace with a valid city option\n.click();\ncy.get('#searchBtn').should('contain.text', 'Search').click(); // Click the search button\ncy.wait('@getHospitals');\ncy.get('button').contains('Book FREE Center Visit').click();\ncy.get('p').contains('Today');\ncy.get('p').contains('Morning');\ncy.get('p').contains('Afternoon');\ncy.get('p').contains('Evening');",
              "err": {
                "message": "AssertionError: Timed out retrying after 4000ms: Expected to find element: `#searchBtn`, but never found it.",
                "estack": "AssertionError: Timed out retrying after 4000ms: Expected to find element: `#searchBtn`, but never found it.\n    at Context.eval (webpack://medifyapp/./cypress/e2e/spec.cy.js:65:25)",
                "diff": null
              },
              "uuid": "926575a8-f75a-486c-91ca-fd1f8b1dca12",
              "parentUUID": "7f57802d-4e17-4685-857c-0c149bf6fd64",
              "isHook": false,
              "skipped": false
            },
            {
              "title": "should display all booked slots on the My Bookings page",
              "fullTitle": "Hospital should display all booked slots on the My Bookings page",
              "timedOut": null,
              "duration": 1480,
              "state": "passed",
              "speed": "fast",
              "pass": true,
              "fail": false,
              "pending": false,
              "context": null,
              "code": "// Navigate to the \"My Bookings\" page\ncy.visit('http://localhost:3000/my-bookings'); // Replace with the actual URL for the My Bookings page\ncy.get('h1').contains('My Bookings');",
              "err": {},
              "uuid": "53397ec7-9128-4933-b128-ea7e7bb8623b",
              "parentUUID": "7f57802d-4e17-4685-857c-0c149bf6fd64",
              "isHook": false,
              "skipped": false
            },
            {
              "title": "should persist bookings in localStorage after page reload",
              "fullTitle": "Hospital should persist bookings in localStorage after page reload",
              "timedOut": null,
              "duration": 374,
              "state": "passed",
              "speed": "fast",
              "pass": true,
              "fail": false,
              "pending": false,
              "context": null,
              "code": "const mockBookings = [{\n  \"Hospital Name\": \"southeast alabama medical center\",\n  \"City\": \"DOTHAN\",\n  \"State\": \"Alabama\",\n  \"Hospital Type\": \"General\",\n  \"Hospital overall rating\": \"4.5\",\n  bookingDate: \"2024-12-15\",\n  bookingTime: \"10:00 AM\"\n}];\ncy.window().then(win => {\n  win.localStorage.setItem('bookings', JSON.stringify(mockBookings));\n});\ncy.visit('http://localhost:3000/my-bookings'); // Replace with actual My Bookings URL\ncy.get('h3').contains('southeast alabama medical center', {\n  timeout: 5000\n}).should('be.visible');\ncy.reload();\ncy.get('h3').contains('southeast alabama medical center', {\n  timeout: 5000\n}).should('be.visible');",
              "err": {},
              "uuid": "9570205d-7f98-4622-947b-30941b193ea8",
              "parentUUID": "7f57802d-4e17-4685-857c-0c149bf6fd64",
              "isHook": false,
              "skipped": false
            }
          ],
          "suites": [],
          "passes": [
            "6d655064-c05e-4f49-9c4e-3cb9e9d8dd56",
            "53397ec7-9128-4933-b128-ea7e7bb8623b",
            "9570205d-7f98-4622-947b-30941b193ea8"
          ],
          "failures": [
            "22dc2847-65b7-464f-80a7-bab1cd43bc8a",
            "89d63144-59a9-4cf7-86f1-6ae632184c17",
            "926575a8-f75a-486c-91ca-fd1f8b1dca12"
          ],
          "pending": [],
          "skipped": [],
          "duration": 35058,
          "root": false,
          "rootEmpty": false,
          "_timeout": 2000
        }
      ],
      "passes": [],
      "failures": [],
      "pending": [],
      "skipped": [],
      "duration": 0,
      "root": true,
      "rootEmpty": true,
      "_timeout": 2000
    }
  ],
  "meta": {
    "mocha": {
      "version": "7.0.1"
    },
    "mochawesome": {
      "options": {
        "quiet": false,
        "reportFilename": "mochawesome",
        "saveHtml": true,
        "saveJson": true,
        "consoleReporter": "spec",
        "useInlineDiffs": false,
        "code": true
      },
      "version": "7.1.3"
    },
    "marge": {
      "options": {
        "reportDir": "cypress/reports/mocha",
        "overwrite": false,
        "html": true,
        "json": true
      },
      "version": "6.2.0"
    }
  }
}